[backblue.gif]
[fade.gif]
[index.html]
[www.sswl.in/assets/img/favicon.png]
[www.sswl.in/assets/img/apple-touch-icon.png]
[code.jquery.com/jquery-1.8.2.js]
[cdnjs.cloudflare.com/ajax/libs/font-awesome/4.7.0/css/font-awesome.min.css]
[www.sswl.in/assets/img/logo.png]
[www.sswl.in/assets/img/L.png]
[www.sswl.in/assets/img/R.png]
[www.sswl.in/assets/img/cancle.png]
[www.sswl.in/assets/img/SSWL1.png]
[www.sswl.in/assets/img/SSWL2.png]
[www.sswl.in/assets/js/main.js]
[www.sswl.in/assets/js/sswl.js]
[www.sswl.in/assets/js/bootstrap.bundle.min.js]
[ajax.googleapis.com/ajax/libs/jquery/1.10.2/jquery.min.js]
[www.sswl.in/index.html]
[www.sswl.in/assets/vendor/bootstrap/css/bootstrap.min.css]
[www.sswl.in/assets/vendor/bootstrap-icons/bootstrap-icons.css]
[www.sswl.in/assets/img/slide/1.jpg]
[www.sswl.in/assets/img/slide/3.jpg]
[www.sswl.in/assets/img/slide/4.jpg]
[www.sswl.in/assets/img/slide/2.jpg]
[www.sswl.in/assets/img/slide/slide-m41.jpg]
[www.sswl.in/assets/img/slide/slide-m31.jpg]
[www.sswl.in/assets/img/slide/slide-m21.jpg]
[www.sswl.in/assets/img/slide/slide-m11.jpg]
[www.sswl.in/assets/css/sswl.css]
[cdnjs.cloudflare.com/ajax/libs/font-awesome/4.7.0/css/font-awesome.min.css]
[www.sswl.in/assets/img/logo2.jpg]
[www.sswl.in/index-2.html]
[www.sswl.in/assets/img/bg1.png]
[www.sswl.in/assets/vendor/bootstrap-icons/fonts/bootstrap-icons3413.html]
[www.sswl.in/assets/css/style.css]
[www.sswl.in/assets/vendor/bootstrap-icons/fonts/bootstrap-icons3413.woff]
[www.sswl.in/assets/js/jquery-3.5.1.min.js]
[www.sswl.in/font/BrandonGrotesque-Regular.woff]
[www.sswl.in/font/Brandon Grot W01 Light.woff]
[www.sswl.in/font/AvenirLT-Light.woff]
[www.sswl.in/font/AvenirMedium.woff]
[www.sswl.in/font/afont.css]
[www.sswl.in/assets/css/assets/img/logo2.html]
[www.sswl.in/assets/css/amit.css]
[www.sswl.in/assets/img/SSWL_OTT_2022.pdf]
[www.sswl.in/font/DIN Next W01 Light.woff]
[www.sswl.in/font/JosefinSans-SemiBold.woff]
[www.sswl.in/assets/img/slide/slide-m1.html]
[www.sswl.in/assets/img/slide/slide-m2.html]
